{"message":"hello","level":"info"}
{"message":"GET /abcs 라우터가 없습니다","level":"error"}
{"message":"hello","level":"info"}
{"message":"GET /absc 라우터가 없습니다","level":"error"}
{"message":"hello","level":"info"}
{"message":"hello","level":"info"}
{"message":"GET /google153d0c6e9dae2c92.html 라우터가 없습니다","level":"error"}
{"message":"GET /google6beb94b7964d01dc.html 라우터가 없습니다","level":"error"}
{"message":"hello","level":"info"}
{"message":"GET /favicon.ico 라우터가 없습니다","level":"error"}
{"message":"hello","level":"info"}
{"message":"GET /manager/html 라우터가 없습니다","level":"error"}
{"message":"hello","level":"info"}
{"message":"GET /favicon.ico 라우터가 없습니다","level":"error"}
{"message":"hello","level":"info"}
{"message":"GET /favicon.ico 라우터가 없습니다","level":"error"}
{"message":"hello","level":"info"}
{"message":"GET /favicon.ico 라우터가 없습니다","level":"error"}
{"message":"hello","level":"info"}
{"message":"GET /google/callback?code=4/0AX4XfWgejaFOVH37e5OXOTJHrt8hdKZ2_uL3fr05XtBwQxWjWlPhjaYrZPVI4ol8nevSSw&scope=email%20profile%20https://www.googleapis.com/auth/userinfo.email%20https://www.googleapis.com/auth/userinfo.profile%20openid&authuser=1&hd=sookmyung.ac.kr&prompt=consent 라우터가 없습니다","level":"error"}
{"message":"hello","level":"info"}
{"message":"GET /favicon.ico 라우터가 없습니다","level":"error"}
{"message":"hello","level":"info"}
{"message":"GET /apple-touch-icon-precomposed.png 라우터가 없습니다","level":"error"}
{"message":"hello","level":"info"}
{"message":"GET /apple-touch-icon.png 라우터가 없습니다","level":"error"}
{"message":"hello","level":"info"}
{"message":"GET /favicon.ico 라우터가 없습니다","level":"error"}
